<?xml version="1.0" encoding="UTF-8"?>
<!-- Generated by org.testng.reporters.JUnitXMLReporter -->
<testsuite ignored="0" hostname="DESKTOP-274JRAL" failures="0" tests="1" name="Test-0" time="15.983" errors="0" timestamp="2023-09-12T18:09:20 IST">
  <testcase classname="mohannayak.TestDemo" name="titleCheck" time="14.295"/>
</testsuite> <!-- Test-0 -->
