<?xml version="1.0" encoding="UTF-8"?>
<!-- Generated by org.testng.reporters.JUnitXMLReporter -->
<testsuite ignored="0" hostname="DESKTOP-274JRAL" failures="0" tests="1" name="Test-2" time="11.105" errors="0" timestamp="2023-09-12T18:09:15 IST">
  <testcase classname="mohannayak.TestDemo" name="titleCheck" time="9.339"/>
</testsuite> <!-- Test-2 -->
