<?xml version="1.0" encoding="UTF-8"?>
<!-- Generated by org.testng.reporters.JUnitXMLReporter -->
<testsuite ignored="0" hostname="DESKTOP-274JRAL" failures="0" tests="1" name="Test-1" time="62.634" errors="0" timestamp="2023-09-12T18:10:07 IST">
  <testcase classname="mohannayak.TestDemo" name="titleCheck" time="60.938"/>
</testsuite> <!-- Test-1 -->
