<?xml version="1.0" encoding="UTF-8"?>
<!-- Generated by org.testng.reporters.JUnitReportReporter -->
<testsuite hostname="DESKTOP-274JRAL" failures="0" tests="3" name="mohannayak.TestDemo" time="84.572" errors="0" timestamp="2023-09-12T18:10:09 IST" skipped="0">
  <testcase classname="mohannayak.TestDemo" name="titleCheck" time="60.938"/>
  <system-out/>
  <testcase classname="mohannayak.TestDemo" name="titleCheck" time="9.339"/>
  <system-out/>
  <testcase classname="mohannayak.TestDemo" name="titleCheck" time="14.295"/>
  <system-out/>
</testsuite> <!-- mohannayak.TestDemo -->
